<?xml version="1.0" encoding="UTF-8"?>
<testsuite name="com.testing.newbeginnig.library.BookDirectoryTestSuite" tests="3" skipped="0" failures="0" errors="0" timestamp="2023-08-02T14:39:37" hostname="DESKTOP-GECMA36" time="0.442">
  <properties/>
  <testcase name="testListBooksWithConditionFragmentShorterThan3()" classname="com.testing.newbeginnig.library.BookDirectoryTestSuite" time="0.41"/>
  <testcase name="testListBooksWithConditionMoreThan20()" classname="com.testing.newbeginnig.library.BookDirectoryTestSuite" time="0.015"/>
  <testcase name="testListBooksWithConditionsReturnList()" classname="com.testing.newbeginnig.library.BookDirectoryTestSuite" time="0.009"/>
  <system-out><![CDATA[]]></system-out>
  <system-err><![CDATA[]]></system-err>
</testsuite>
