<?xml version="1.0" encoding="UTF-8"?>
<testsuite name="com.testing.newbeginnig.NewBeginnigApplicationTests" tests="1" skipped="0" failures="0" errors="0" timestamp="2023-08-03T10:11:28" hostname="THINKPAD-2021" time="1.144">
  <properties/>
  <testcase name="contextLoads()" classname="com.testing.newbeginnig.NewBeginnigApplicationTests" time="1.144"/>
  <system-out><![CDATA[12:11:26.556 [Test worker] INFO org.springframework.test.context.support.AnnotationConfigContextLoaderUtils -- Could not detect default configuration classes for test class [com.testing.newbeginnig.NewBeginnigApplicationTests]: NewBeginnigApplicationTests does not declare any static, non-private, non-final, nested classes annotated with @Configuration.
12:11:26.722 [Test worker] INFO org.springframework.boot.test.context.SpringBootTestContextBootstrapper -- Found @SpringBootConfiguration com.testing.newbeginnig.NewBeginnigApplication for test class com.testing.newbeginnig.NewBeginnigApplicationTests

  .   ____          _            __ _ _
 /\\ / ___'_ __ _ _(_)_ __  __ _ \ \ \ \
( ( )\___ | '_ | '_| | '_ \/ _` | \ \ \ \
 \\/  ___)| |_)| | | | | || (_| |  ) ) ) )
  '  |____| .__|_| |_|_| |_\__, | / / / /
 =========|_|==============|___/=/_/_/_/
 :: Spring Boot ::                (v3.1.2)

2023-08-03T12:11:27.345+02:00  INFO 23860 --- [    Test worker] c.t.n.NewBeginnigApplicationTests        : Starting NewBeginnigApplicationTests using Java 17.0.8 with PID 23860 (started by demet in C:\Users\demet\IdeaProjects\NewBeginning)
2023-08-03T12:11:27.347+02:00  INFO 23860 --- [    Test worker] c.t.n.NewBeginnigApplicationTests        : No active profile set, falling back to 1 default profile: "default"
2023-08-03T12:11:28.022+02:00  INFO 23860 --- [    Test worker] c.t.n.NewBeginnigApplicationTests        : Started NewBeginnigApplicationTests in 1.016 seconds (process running for 2.836)
]]></system-out>
  <system-err><![CDATA[]]></system-err>
</testsuite>
