<?xml version="1.0" encoding="UTF-8"?>
<testsuite name="com.testing.newbeginnig.library.BookDirectoryTestSuite" tests="3" skipped="0" failures="0" errors="0" timestamp="2023-08-03T10:11:29" hostname="THINKPAD-2021" time="0.352">
  <properties/>
  <testcase name="testListBooksWithConditionFragmentShorterThan3()" classname="com.testing.newbeginnig.library.BookDirectoryTestSuite" time="0.327"/>
  <testcase name="testListBooksWithConditionMoreThan20()" classname="com.testing.newbeginnig.library.BookDirectoryTestSuite" time="0.017"/>
  <testcase name="testListBooksWithConditionsReturnList()" classname="com.testing.newbeginnig.library.BookDirectoryTestSuite" time="0.002"/>
  <system-out><![CDATA[]]></system-out>
  <system-err><![CDATA[]]></system-err>
</testsuite>
