<?xml version="1.0" encoding="UTF-8"?>
<testsuite name="com.testing.newbeginnig.weather.WeatherForecastTestSuite" tests="1" skipped="0" failures="0" errors="0" timestamp="2023-08-03T10:11:29" hostname="THINKPAD-2021" time="0.035">
  <properties/>
  <testcase name="testCalculateForecastWithStub()" classname="com.testing.newbeginnig.weather.WeatherForecastTestSuite" time="0.035"/>
  <system-out><![CDATA[]]></system-out>
  <system-err><![CDATA[]]></system-err>
</testsuite>
