<?xml version="1.0" encoding="UTF-8"?>
<testsuite name="com.testing.newbeginnig.ForumTestSuite" tests="2" skipped="0" failures="0" errors="0" timestamp="2023-08-03T10:11:26" hostname="THINKPAD-2021" time="0.023">
  <properties/>
  <testcase name="testCaseRealName()" classname="com.testing.newbeginnig.ForumTestSuite" time="0.02"/>
  <testcase name="testCaseUsername()" classname="com.testing.newbeginnig.ForumTestSuite" time="0.002"/>
  <system-out><![CDATA[Test Case: begin
Test Suite: begin
Testing John Smith
Test Suite: end
Test Suite: begin
Testing theForumUser
Test Suite: end
Test Case: end
]]></system-out>
  <system-err><![CDATA[]]></system-err>
</testsuite>
