<?xml version="1.0" encoding="UTF-8"?>
<testsuite name="com.testing.newbeginnig.forum.ForumTestSuite" tests="8" skipped="0" failures="0" errors="0" timestamp="2023-08-03T10:11:29" hostname="THINKPAD-2021" time="0.024">
  <properties/>
  <testcase name="testRemovePostNotExisting()" classname="com.testing.newbeginnig.forum.ForumTestSuite" time="0.005"/>
  <testcase name="testAddPost()" classname="com.testing.newbeginnig.forum.ForumTestSuite" time="0.002"/>
  <testcase name="testGetPost()" classname="com.testing.newbeginnig.forum.ForumTestSuite" time="0.003"/>
  <testcase name="testRemoveCommentNotExisting()" classname="com.testing.newbeginnig.forum.ForumTestSuite" time="0.002"/>
  <testcase name="testRemoveComment()" classname="com.testing.newbeginnig.forum.ForumTestSuite" time="0.002"/>
  <testcase name="testRemovePost()" classname="com.testing.newbeginnig.forum.ForumTestSuite" time="0.001"/>
  <testcase name="testGetComment()" classname="com.testing.newbeginnig.forum.ForumTestSuite" time="0.0"/>
  <testcase name="testAddComment()" classname="com.testing.newbeginnig.forum.ForumTestSuite" time="0.001"/>
  <system-out><![CDATA[This is the beginning of tests.
Preparing to execute test #1
Preparing to execute test #2
Preparing to execute test #3
Preparing to execute test #4
Preparing to execute test #5
Preparing to execute test #6
Preparing to execute test #7
Preparing to execute test #8
All tests are finished.
]]></system-out>
  <system-err><![CDATA[]]></system-err>
</testsuite>
