<?xml version="1.0" encoding="UTF-8"?>
<testsuite name="com.testing.newbeginnig.NewBeginnigApplicationTests" tests="1" skipped="0" failures="0" errors="0" timestamp="2023-08-02T14:39:36" hostname="DESKTOP-GECMA36" time="1.508">
  <properties/>
  <testcase name="contextLoads()" classname="com.testing.newbeginnig.NewBeginnigApplicationTests" time="1.508"/>
  <system-out><![CDATA[16:39:34.362 [Test worker] INFO org.springframework.test.context.support.AnnotationConfigContextLoaderUtils -- Could not detect default configuration classes for test class [com.testing.newbeginnig.NewBeginnigApplicationTests]: NewBeginnigApplicationTests does not declare any static, non-private, non-final, nested classes annotated with @Configuration.
16:39:34.553 [Test worker] INFO org.springframework.boot.test.context.SpringBootTestContextBootstrapper -- Found @SpringBootConfiguration com.testing.newbeginnig.NewBeginnigApplication for test class com.testing.newbeginnig.NewBeginnigApplicationTests

  .   ____          _            __ _ _
 /\\ / ___'_ __ _ _(_)_ __  __ _ \ \ \ \
( ( )\___ | '_ | '_| | '_ \/ _` | \ \ \ \
 \\/  ___)| |_)| | | | | || (_| |  ) ) ) )
  '  |____| .__|_| |_|_| |_\__, | / / / /
 =========|_|==============|___/=/_/_/_/
 :: Spring Boot ::                (v3.1.2)

2023-08-02T16:39:35.202+02:00  INFO 15992 --- [    Test worker] c.t.n.NewBeginnigApplicationTests        : Starting NewBeginnigApplicationTests using Java 17.0.1 with PID 15992 (started by Acer in C:\Users\Acer\IdeaProjects\NewBeginnig)
2023-08-02T16:39:35.204+02:00  INFO 15992 --- [    Test worker] c.t.n.NewBeginnigApplicationTests        : No active profile set, falling back to 1 default profile: "default"
2023-08-02T16:39:35.993+02:00  INFO 15992 --- [    Test worker] c.t.n.NewBeginnigApplicationTests        : Started NewBeginnigApplicationTests in 1.178 seconds (process running for 3.103)
]]></system-out>
  <system-err><![CDATA[]]></system-err>
</testsuite>
