<?xml version="1.0" encoding="UTF-8"?>
<testsuite name="com.testing.newbeginnig.ForumTestSuite" tests="2" skipped="0" failures="0" errors="0" timestamp="2023-08-02T14:39:34" hostname="DESKTOP-GECMA36" time="0.044">
  <properties/>
  <testcase name="testCaseRealName()" classname="com.testing.newbeginnig.ForumTestSuite" time="0.038"/>
  <testcase name="testCaseUsername()" classname="com.testing.newbeginnig.ForumTestSuite" time="0.003"/>
  <system-out><![CDATA[Test Case: begin
Test Suite: begin
Testing John Smith
Test Suite: end
Test Suite: begin
Testing theForumUser
Test Suite: end
Test Case: end
]]></system-out>
  <system-err><![CDATA[]]></system-err>
</testsuite>
